#
# There is insufficient memory for the Java Runtime Environment to continue.
# Native memory allocation (mmap) failed to map 65536 bytes for Failed to commit area from 0x0000020d11370000 to 0x0000020d11380000 of length 65536.
# Possible reasons:
#   The system is out of physical RAM or swap space
#   The process is running with CompressedOops enabled, and the Java Heap may be blocking the growth of the native heap
# Possible solutions:
#   Reduce memory load on the system
#   Increase physical memory or swap space
#   Check if swap backing store is full
#   Decrease Java heap size (-Xmx/-Xms)
#   Decrease number of Java threads
#   Decrease Java thread stack sizes (-Xss)
#   Set larger code cache with -XX:ReservedCodeCacheSize=
#   JVM is running with Unscaled Compressed Oops mode in which the Java heap is
#     placed in the first 4GB address space. The Java Heap base address is the
#     maximum limit for the native heap growth. Please use -XX:HeapBaseMinAddress
#     to set the Java Heap base and to place the Java Heap above 4GB virtual address.
# This output file may be truncated or incomplete.
#
#  Out of Memory Error (./open/src/hotspot/os/windows/os_windows.cpp:3287), pid=3064, tid=12184
#
# JRE version: Java(TM) SE Runtime Environment 18.9 (11.0.16+11) (build 11.0.16+11-LTS-199)
# Java VM: Java HotSpot(TM) 64-Bit Server VM 18.9 (11.0.16+11-LTS-199, mixed mode, tiered, compressed oops, g1 gc, windows-amd64)
# No core dump will be written. Minidumps are not enabled by default on client versions of Windows
#

---------------  S U M M A R Y ------------

Command Line: -Djava.awt.headless=true -Djava.rmi.server.hostname=127.0.0.1 -Xmx1536m -Dkotlin.environment.keepalive org.jetbrains.kotlin.daemon.KotlinCompileDaemon --daemon-runFilesPath C:\Users\sps\AppData\Local\kotlin\daemon --daemon-autoshutdownIdleSeconds=7200 --daemon-compilerClasspath C:\Users\sps\.gradle\caches\modules-2\files-2.1\org.jetbrains.kotlin\kotlin-compiler-embeddable\1.3.20\ee2efe0fdd12b607e3ac01dd79da99a168ac85c5\kotlin-compiler-embeddable-1.3.20.jar;C:\Users\sps\.gradle\caches\modules-2\files-2.1\org.jetbrains.kotlin\kotlin-reflect\1.3.20\cd49eec32cf964333faf59e04b4085eac7008477\kotlin-reflect-1.3.20.jar;C:\Users\sps\.gradle\caches\modules-2\files-2.1\org.jetbrains.kotlin\kotlin-stdlib\1.3.20\eb2a232734e09fcd1b958a5c7520a93c6de38b32\kotlin-stdlib-1.3.20.jar;C:\Users\sps\.gradle\caches\modules-2\files-2.1\org.jetbrains.kotlin\kotlin-script-runtime\1.3.20\312febd3c42137fcc5477e6666d6eec16631b176\kotlin-script-runtime-1.3.20.jar;C:\Users\sps\.gradle\caches\modules-2\files-2.1\org.jetbrains.intellij.deps\trove4j\1.0.20181211\216c2e14b070f334479d800987affe4054cd563f\trove4j-1.0.20181211.jar;C:\Users\sps\.gradle\caches\modules-2\files-2.1\org.jetbrains.kotlin\kotlin-stdlib-common\1.3.20\7d7934e26ce34da1a0a8d00e38038d7cf3375e89\kotlin-stdlib-common-1.3.20.jar;C:\Users\sps\.gradle\caches\modules-2\files-2.1\org.jetbrains\annotations\13.0\919f0dfe192fb4e063e7dacadee7f8bb9a2672a9\annotations-13.0.jar

Host: AMD Ryzen 3 1200 Quad-Core Processor           , 4 cores, 14G,  Windows 10 , 64 bit Build 19041 (10.0.19041.3031)
Time: Tue Jun 20 16:31:31 2023 RTZ 2 (s 10 , 64 bit Build 19041 (10.0.19041.3031) elapsed time: 1095.453915 seconds (0d 0h 18m 15s)

---------------  T H R E A D  ---------------

Current thread (0x0000020d14b0c000):  VMThread "VM Thread" [stack: 0x000000a553f00000,0x000000a554000000] [id=12184]

Stack: [0x000000a553f00000,0x000000a554000000]
[error occurred during error reporting (printing stack bounds), id 0xc0000005, EXCEPTION_ACCESS_VIOLATION (0xc0000005) at pc=0x0000020d00000f17]

Native frames: (J=compiled Java code, j=interpreted, Vv=VM code, C=native code)
V  [jvm.dll+0x62a3ea]
V  [jvm.dll+0x76418f]
V  [jvm.dll+0x765839]
V  [jvm.dll+0x765e25]
V  [jvm.dll+0x765ddb]
V  [jvm.dll+0x6298d3]
V  [jvm.dll+0x629fe8]
C  [ntdll.dll+0xa247f]
C  [ntdll.dll+0x514f4]
C  [ntdll.dll+0xa0f8e]
C  0x0000020d00000f17

VM_Operation (0x000000a554bfe950): G1CollectForAllocation, mode: safepoint, requested by thread 0x0000020d15b3d000


---------------  P R O C E S S  ---------------

Threads class SMR info:
_java_thread_list=0x0000020d1d0360b0, length=24, elements={
0x0000020d14b20800, 0x0000020d14b15000, 0x0000020d15399800, 0x0000020d1539b000,
0x0000020d1539d000, 0x0000020d153ad000, 0x0000020d153ce800, 0x0000020d153d7000,
0x0000020d15567000, 0x0000020d15a9b800, 0x0000020d15b3d000, 0x0000020d15c34800,
0x0000020d15c35000, 0x0000020d78594000, 0x0000020d15ac5800, 0x0000020d1a146000,
0x0000020d1a148000, 0x0000020d1a143800, 0x0000020d1a14a000, 0x0000020d1a145000,
0x0000020d1a144000, 0x0000020d15da6000, 0x0000020d1ac4d800, 0x0000020d1ac50000
}

Java Threads: ( => current thread )
  0x0000020d14b20800 JavaThread "Reference Handler" daemon [_thread_blocked, id=13132, stack(0x000000a554000000,0x000000a554100000)]
  0x0000020d14b15000 JavaThread "Finalizer" daemon [_thread_blocked, id=2096, stack(0x000000a554100000,0x000000a554200000)]
  0x0000020d15399800 JavaThread "Signal Dispatcher" daemon [_thread_blocked, id=1212, stack(0x000000a554200000,0x000000a554300000)]
  0x0000020d1539b000 JavaThread "Attach Listener" daemon [_thread_blocked, id=14932, stack(0x000000a554300000,0x000000a554400000)]
  0x0000020d1539d000 JavaThread "Service Thread" daemon [_thread_blocked, id=11324, stack(0x000000a554400000,0x000000a554500000)]
  0x0000020d153ad000 JavaThread "C2 CompilerThread0" daemon [_thread_blocked, id=12924, stack(0x000000a554500000,0x000000a554600000)]
  0x0000020d153ce800 JavaThread "C1 CompilerThread0" daemon [_thread_blocked, id=13584, stack(0x000000a554600000,0x000000a554700000)]
  0x0000020d153d7000 JavaThread "Sweeper thread" daemon [_thread_blocked, id=5552, stack(0x000000a554700000,0x000000a554800000)]
  0x0000020d15567000 JavaThread "Common-Cleaner" daemon [_thread_blocked, id=3200, stack(0x000000a554900000,0x000000a554a00000)]
  0x0000020d15a9b800 JavaThread "RMI TCP Accept-17189" daemon [_thread_in_native, id=9760, stack(0x000000a554a00000,0x000000a554b00000)]
  0x0000020d15b3d000 JavaThread "Timer-0" daemon [_thread_blocked, id=2032, stack(0x000000a554b00000,0x000000a554c00000)]
  0x0000020d15c34800 JavaThread "RMI Reaper" [_thread_blocked, id=13136, stack(0x000000a554d00000,0x000000a554e00000)]
  0x0000020d15c35000 JavaThread "RMI GC Daemon" daemon [_thread_blocked, id=11896, stack(0x000000a554e00000,0x000000a554f00000)]
  0x0000020d78594000 JavaThread "DestroyJavaVM" [_thread_blocked, id=12556, stack(0x000000a553900000,0x000000a553a00000)]
  0x0000020d15ac5800 JavaThread "RMI Scheduler(0)" daemon [_thread_blocked, id=7516, stack(0x000000a555300000,0x000000a555400000)]
  0x0000020d1a146000 JavaThread "RMI RenewClean-[127.0.0.1:64692,org.jetbrains.kotlin.daemon.common.LoopbackNetworkInterface$ClientLoopbackSocketFactory@7b7e3936]" daemon [_thread_blocked, id=12836, stack(0x000000a555400000,0x000000a555500000)]
  0x0000020d1a148000 JavaThread "RMI TCP Connection(18)-127.0.0.1" daemon [_thread_in_native, id=13216, stack(0x000000a553600000,0x000000a553700000)]
  0x0000020d1a143800 JavaThread "RMI TCP Connection(19)-127.0.0.1" daemon [_thread_in_native, id=10800, stack(0x000000a553700000,0x000000a553800000)]
  0x0000020d1a14a000 JavaThread "RMI RenewClean-[127.0.0.1:64692,org.jetbrains.kotlin.daemon.common.LoopbackNetworkInterface$ClientLoopbackSocketFactory@2f0a5934]" daemon [_thread_blocked, id=10076, stack(0x000000a553800000,0x000000a553900000)]
  0x0000020d1a145000 JavaThread "RMI TCP Connection(20)-127.0.0.1" daemon [_thread_in_native, id=13348, stack(0x000000a555200000,0x000000a555300000)]
  0x0000020d1a144000 JavaThread "RMI RenewClean-[127.0.0.1:64692,org.jetbrains.kotlin.daemon.common.LoopbackNetworkInterface$ClientLoopbackSocketFactory@469f309]" daemon [_thread_blocked, id=15064, stack(0x000000a555700000,0x000000a555800000)]
  0x0000020d15da6000 JavaThread "C2 CompilerThread1" daemon [_thread_blocked, id=10948, stack(0x000000a554c00000,0x000000a554d00000)]
  0x0000020d1ac4d800 JavaThread "RMI TCP Connection(21)-127.0.0.1" daemon [_thread_in_native, id=352, stack(0x000000a555a00000,0x000000a555b00000)]
  0x0000020d1ac50000 JavaThread "RMI RenewClean-[127.0.0.1:64692,org.jetbrains.kotlin.daemon.common.LoopbackNetworkInterface$ClientLoopbackSocketFactory@533e6e23]" daemon [_thread_blocked, id=15020, stack(0x000000a555b00000,0x000000a555c00000)]

Other Threads:
=>0x0000020d14b0c000 VMThread "VM Thread" [stack: 0x000000a553f00000,0x000000a554000000] [id=12184]
  0x0000020d15562800 WatcherThread [stack: 0x000000a554800000,0x000000a554900000] [id=13792]
  0x0000020d785a5800 GCTaskThread "GC Thread#0" [stack: 0x000000a553a00000,0x000000a553b00000] [id=10132]
  0x0000020d15be9800 GCTaskThread "GC Thread#1" [stack: 0x000000a554f00000,0x000000a555000000] [id=7472]
  0x0000020d15c9f800 GCTaskThread "GC Thread#2" [stack: 0x000000a555000000,0x000000a555100000] [id=12504]
  0x0000020d15ca0000 GCTaskThread "GC Thread#3" [stack: 0x000000a555100000,0x000000a555200000] [id=8932]
  0x0000020d785cb800 ConcurrentGCThread "G1 Main Marker" [stack: 0x000000a553b00000,0x000000a553c00000] [id=14776]
  0x0000020d785cd000 ConcurrentGCThread "G1 Conc#0" [stack: 0x000000a553c00000,0x000000a553d00000] [id=8796]
  0x0000020d7866d800 ConcurrentGCThread "G1 Refine#0" [stack: 0x000000a553d00000,0x000000a553e00000] [id=6828]
  0x0000020d1d58e800 ConcurrentGCThread "G1 Refine#1" [stack: 0x000000a555800000,0x000000a555900000] [id=10188]
  0x0000020d17953800 ConcurrentGCThread "G1 Refine#2" [stack: 0x000000a555900000,0x000000a555a00000] [id=12164]
  0x0000020d17802000 ConcurrentGCThread "G1 Refine#3" [stack: 0x000000a555500000,0x000000a555600000] [id=4376]
  0x0000020d14976800 ConcurrentGCThread "G1 Young RemSet Sampling" [stack: 0x000000a553e00000,0x000000a553f00000] [id=14364]

Threads with active compile tasks:

VM state:at safepoint (normal execution)

VM Mutex/Monitor currently owned by a thread:  ([mutex/lock_event])
[0x0000020d785901b0] Threads_lock - owner thread: 0x0000020d14b0c000
[0x0000020d7858faf0] Heap_lock - owner thread: 0x0000020d15b3d000

Heap address: 0x00000000a0000000, size: 1536 MB, Compressed Oops mode: 32-bit
Narrow klass base: 0x0000000000000000, Narrow klass shift: 3
Compressed class space size: 1073741824 Address: 0x0000000100000000

Heap:
 garbage-first heap   total 491520K, used 148690K [0x00000000a0000000, 0x0000000100000000)
  region size 1024K, 4 young (4096K), 4 survivors (4096K)
 Metaspace       used 96792K, capacity 99030K, committed 99336K, reserved 1136640K
  class space    used 11679K, capacity 12490K, committed 12544K, reserved 1048576K
Heap Regions: E=young(eden), S=young(survivor), O=old, HS=humongous(starts), HC=humongous(continues), CS=collection set, F=free, A=archive, TAMS=top-at-mark-start (previous, next)
|   0|0x00000000a0000000, 0x00000000a0100000, 0x00000000a0100000|100%|HS|  |TAMS 0x00000000a0100000, 0x00000000a0000000| Complete 
|   1|0x00000000a0100000, 0x00000000a0200000, 0x00000000a0200000|100%|HC|  |TAMS 0x00000000a0200000, 0x00000000a0100000| Complete 
|   2|0x00000000a0200000, 0x00000000a0300000, 0x00000000a0300000|100%| O|  |TAMS 0x00000000a0300000, 0x00000000a0200000| Untracked 
|   3|0x00000000a0300000, 0x00000000a0400000, 0x00000000a0400000|100%| O|  |TAMS 0x00000000a0400000, 0x00000000a0300000| Untracked 
|   4|0x00000000a0400000, 0x00000000a0500000, 0x00000000a0500000|100%| O|  |TAMS 0x00000000a0500000, 0x00000000a0400000| Untracked 
|   5|0x00000000a0500000, 0x00000000a0600000, 0x00000000a0600000|100%| O|  |TAMS 0x00000000a0600000, 0x00000000a0500000| Untracked 
|   6|0x00000000a0600000, 0x00000000a0700000, 0x00000000a0700000|100%| O|  |TAMS 0x00000000a0700000, 0x00000000a0600000| Untracked 
|   7|0x00000000a0700000, 0x00000000a0800000, 0x00000000a0800000|100%| O|  |TAMS 0x00000000a0700000, 0x00000000a0700000| Untracked 
|   8|0x00000000a0800000, 0x00000000a0900000, 0x00000000a0900000|100%| O|  |TAMS 0x00000000a0800000, 0x00000000a0800000| Untracked 
|   9|0x00000000a0900000, 0x00000000a0a00000, 0x00000000a0a00000|100%| O|  |TAMS 0x00000000a0900000, 0x00000000a0900000| Untracked 
|  10|0x00000000a0a00000, 0x00000000a0b00000, 0x00000000a0b00000|100%| O|  |TAMS 0x00000000a0b00000, 0x00000000a0a00000| Untracked 
|  11|0x00000000a0b00000, 0x00000000a0c00000, 0x00000000a0c00000|100%| O|  |TAMS 0x00000000a0c00000, 0x00000000a0b00000| Untracked 
|  12|0x00000000a0c00000, 0x00000000a0d00000, 0x00000000a0d00000|100%| O|  |TAMS 0x00000000a0d00000, 0x00000000a0c00000| Untracked 
|  13|0x00000000a0d00000, 0x00000000a0e00000, 0x00000000a0e00000|100%| O|  |TAMS 0x00000000a0e00000, 0x00000000a0d00000| Untracked 
|  14|0x00000000a0e00000, 0x00000000a0f00000, 0x00000000a0f00000|100%| O|  |TAMS 0x00000000a0f00000, 0x00000000a0e00000| Untracked 
|  15|0x00000000a0f00000, 0x00000000a1000000, 0x00000000a1000000|100%| O|  |TAMS 0x00000000a0f00000, 0x00000000a0f00000| Untracked 
|  16|0x00000000a1000000, 0x00000000a1100000, 0x00000000a1100000|100%| O|  |TAMS 0x00000000a1000000, 0x00000000a1000000| Untracked 
|  17|0x00000000a1100000, 0x00000000a1200000, 0x00000000a1200000|100%| O|  |TAMS 0x00000000a1200000, 0x00000000a1100000| Untracked 
|  18|0x00000000a1200000, 0x00000000a1300000, 0x00000000a1300000|100%| O|  |TAMS 0x00000000a1300000, 0x00000000a1200000| Untracked 
|  19|0x00000000a1300000, 0x00000000a1400000, 0x00000000a1400000|100%| O|  |TAMS 0x00000000a1300000, 0x00000000a1300000| Untracked 
|  20|0x00000000a1400000, 0x00000000a1500000, 0x00000000a1500000|100%| O|  |TAMS 0x00000000a1400000, 0x00000000a1400000| Untracked 
|  21|0x00000000a1500000, 0x00000000a1600000, 0x00000000a1600000|100%| O|  |TAMS 0x00000000a1500000, 0x00000000a1500000| Untracked 
|  22|0x00000000a1600000, 0x00000000a1700000, 0x00000000a1700000|100%| O|  |TAMS 0x00000000a1700000, 0x00000000a1600000| Untracked 
|  23|0x00000000a1700000, 0x00000000a1800000, 0x00000000a1800000|100%| O|  |TAMS 0x00000000a1700000, 0x00000000a1700000| Untracked 
|  24|0x00000000a1800000, 0x00000000a1900000, 0x00000000a1900000|100%| O|  |TAMS 0x00000000a1800000, 0x00000000a1800000| Untracked 
|  25|0x00000000a1900000, 0x00000000a1a00000, 0x00000000a1a00000|100%| O|  |TAMS 0x00000000a1900000, 0x00000000a1900000| Untracked 
|  26|0x00000000a1a00000, 0x00000000a1b00000, 0x00000000a1b00000|100%| O|  |TAMS 0x00000000a1b00000, 0x00000000a1a00000| Untracked 
|  27|0x00000000a1b00000, 0x00000000a1c00000, 0x00000000a1c00000|100%| O|  |TAMS 0x00000000a1b00000, 0x00000000a1b00000| Untracked 
|  28|0x00000000a1c00000, 0x00000000a1d00000, 0x00000000a1d00000|100%| O|  |TAMS 0x00000000a1c00000, 0x00000000a1c00000| Untracked 
|  29|0x00000000a1d00000, 0x00000000a1e00000, 0x00000000a1e00000|100%| O|  |TAMS 0x00000000a1d00000, 0x00000000a1d00000| Untracked 
|  30|0x00000000a1e00000, 0x00000000a1f00000, 0x00000000a1f00000|100%| O|  |TAMS 0x00000000a1f00000, 0x00000000a1e00000| Untracked 
|  31|0x00000000a1f00000, 0x00000000a2000000, 0x00000000a2000000|100%| O|  |TAMS 0x00000000a2000000, 0x00000000a1f00000| Untracked 
|  32|0x00000000a2000000, 0x00000000a2100000, 0x00000000a2100000|100%| O|  |TAMS 0x00000000a2100000, 0x00000000a2000000| Untracked 
|  33|0x00000000a2100000, 0x00000000a2200000, 0x00000000a2200000|100%| O|  |TAMS 0x00000000a2100000, 0x00000000a2100000| Untracked 
|  34|0x00000000a2200000, 0x00000000a2300000, 0x00000000a2300000|100%| O|  |TAMS 0x00000000a2300000, 0x00000000a2200000| Untracked 
|  35|0x00000000a2300000, 0x00000000a2400000, 0x00000000a2400000|100%| O|  |TAMS 0x00000000a2400000, 0x00000000a2300000| Untracked 
|  36|0x00000000a2400000, 0x00000000a2500000, 0x00000000a2500000|100%| O|  |TAMS 0x00000000a2400000, 0x00000000a2400000| Untracked 
|  37|0x00000000a2500000, 0x00000000a2600000, 0x00000000a2600000|100%| O|  |TAMS 0x00000000a2500000, 0x00000000a2500000| Untracked 
|  38|0x00000000a2600000, 0x00000000a2700000, 0x00000000a2700000|100%| O|  |TAMS 0x00000000a2600000, 0x00000000a2600000| Untracked 
|  39|0x00000000a2700000, 0x00000000a2800000, 0x00000000a2800000|100%| O|  |TAMS 0x00000000a2800000, 0x00000000a2700000| Untracked 
|  40|0x00000000a2800000, 0x00000000a2900000, 0x00000000a2900000|100%| O|  |TAMS 0x00000000a2900000, 0x00000000a2800000| Untracked 
|  41|0x00000000a2900000, 0x00000000a2a00000, 0x00000000a2a00000|100%| O|  |TAMS 0x00000000a2a00000, 0x00000000a2900000| Untracked 
|  42|0x00000000a2a00000, 0x00000000a2b00000, 0x00000000a2b00000|100%| O|  |TAMS 0x00000000a2b00000, 0x00000000a2a00000| Untracked 
|  43|0x00000000a2b00000, 0x00000000a2c00000, 0x00000000a2c00000|100%| O|  |TAMS 0x00000000a2c00000, 0x00000000a2b00000| Untracked 
|  44|0x00000000a2c00000, 0x00000000a2d00000, 0x00000000a2d00000|100%| O|  |TAMS 0x00000000a2d00000, 0x00000000a2c00000| Untracked 
|  45|0x00000000a2d00000, 0x00000000a2e00000, 0x00000000a2e00000|100%| O|  |TAMS 0x00000000a2d00000, 0x00000000a2d00000| Untracked 
|  46|0x00000000a2e00000, 0x00000000a2f00000, 0x00000000a2f00000|100%| O|  |TAMS 0x00000000a2e00000, 0x00000000a2e00000| Untracked 
|  47|0x00000000a2f00000, 0x00000000a3000000, 0x00000000a3000000|100%| O|  |TAMS 0x00000000a2f00000, 0x00000000a2f00000| Untracked 
|  48|0x00000000a3000000, 0x00000000a3100000, 0x00000000a3100000|100%| O|  |TAMS 0x00000000a3100000, 0x00000000a3000000| Untracked 
|  49|0x00000000a3100000, 0x00000000a3200000, 0x00000000a3200000|100%| O|  |TAMS 0x00000000a3100000, 0x00000000a3100000| Untracked 
|  50|0x00000000a3200000, 0x00000000a3300000, 0x00000000a3300000|100%| O|  |TAMS 0x00000000a3300000, 0x00000000a3200000| Untracked 
|  51|0x00000000a3300000, 0x00000000a3400000, 0x00000000a3400000|100%| O|  |TAMS 0x00000000a3300000, 0x00000000a3300000| Untracked 
|  52|0x00000000a3400000, 0x00000000a3500000, 0x00000000a3500000|100%| O|  |TAMS 0x00000000a3400000, 0x00000000a3400000| Untracked 
|  53|0x00000000a3500000, 0x00000000a3500000, 0x00000000a3600000|  0%| F|  |TAMS 0x00000000a3500000, 0x00000000a3500000| Untracked 
|  54|0x00000000a3600000, 0x00000000a3600000, 0x00000000a3700000|  0%| F|  |TAMS 0x00000000a3600000, 0x00000000a3600000| Untracked 
|  55|0x00000000a3700000, 0x00000000a3800000, 0x00000000a3800000|100%| O|  |TAMS 0x00000000a3700000, 0x00000000a3700000| Untracked 
|  56|0x00000000a3800000, 0x00000000a3800000, 0x00000000a3900000|  0%| F|  |TAMS 0x00000000a3800000, 0x00000000a3800000| Untracked 
|  57|0x00000000a3900000, 0x00000000a3900000, 0x00000000a3a00000|  0%| F|  |TAMS 0x00000000a3900000, 0x00000000a3900000| Untracked 
|  58|0x00000000a3a00000, 0x00000000a3b00000, 0x00000000a3b00000|100%| O|  |TAMS 0x00000000a3a00000, 0x00000000a3a00000| Untracked 
|  59|0x00000000a3b00000, 0x00000000a3b00000, 0x00000000a3c00000|  0%| F|  |TAMS 0x00000000a3b00000, 0x00000000a3b00000| Untracked 
|  60|0x00000000a3c00000, 0x00000000a3c00000, 0x00000000a3d00000|  0%| F|  |TAMS 0x00000000a3c00000, 0x00000000a3c00000| Untracked 
|  61|0x00000000a3d00000, 0x00000000a3e00000, 0x00000000a3e00000|100%| O|  |TAMS 0x00000000a3e00000, 0x00000000a3d00000| Untracked 
|  62|0x00000000a3e00000, 0x00000000a3f00000, 0x00000000a3f00000|100%|HS|  |TAMS 0x00000000a3f00000, 0x00000000a3e00000| Complete 
|  63|0x00000000a3f00000, 0x00000000a4000000, 0x00000000a4000000|100%| O|  |TAMS 0x00000000a3f00000, 0x00000000a3f00000| Untracked 
|  64|0x00000000a4000000, 0x00000000a4000000, 0x00000000a4100000|  0%| F|  |TAMS 0x00000000a4000000, 0x00000000a4000000| Untracked 
|  65|0x00000000a4100000, 0x00000000a4200000, 0x00000000a4200000|100%| O|  |TAMS 0x00000000a4100000, 0x00000000a4100000| Untracked 
|  66|0x00000000a4200000, 0x00000000a4200000, 0x00000000a4300000|  0%| F|  |TAMS 0x00000000a4200000, 0x00000000a4200000| Untracked 
|  67|0x00000000a4300000, 0x00000000a4300000, 0x00000000a4400000|  0%| F|  |TAMS 0x00000000a4300000, 0x00000000a4300000| Untracked 
|  68|0x00000000a4400000, 0x00000000a4500000, 0x00000000a4500000|100%| O|  |TAMS 0x00000000a4500000, 0x00000000a4400000| Untracked 
|  69|0x00000000a4500000, 0x00000000a4600000, 0x00000000a4600000|100%| O|  |TAMS 0x00000000a4600000, 0x00000000a4500000| Untracked 
|  70|0x00000000a4600000, 0x00000000a4700000, 0x00000000a4700000|100%| O|  |TAMS 0x00000000a4700000, 0x00000000a4600000| Untracked 
|  71|0x00000000a4700000, 0x00000000a4800000, 0x00000000a4800000|100%| O|  |TAMS 0x00000000a4700000, 0x00000000a4700000| Untracked 
|  72|0x00000000a4800000, 0x00000000a4900000, 0x00000000a4900000|100%| O|  |TAMS 0x00000000a4900000, 0x00000000a4800000| Untracked 
|  73|0x00000000a4900000, 0x00000000a4a00000, 0x00000000a4a00000|100%| O|  |TAMS 0x00000000a4a00000, 0x00000000a4900000| Untracked 
|  74|0x00000000a4a00000, 0x00000000a4a00000, 0x00000000a4b00000|  0%| F|  |TAMS 0x00000000a4a00000, 0x00000000a4a00000| Untracked 
|  75|0x00000000a4b00000, 0x00000000a4b00000, 0x00000000a4c00000|  0%| F|  |TAMS 0x00000000a4b00000, 0x00000000a4b00000| Untracked 
|  76|0x00000000a4c00000, 0x00000000a4d00000, 0x00000000a4d00000|100%| O|  |TAMS 0x00000000a4c00000, 0x00000000a4c00000| Untracked 
|  77|0x00000000a4d00000, 0x00000000a4e00000, 0x00000000a4e00000|100%| O|  |TAMS 0x00000000a4d00000, 0x00000000a4d00000| Untracked 
|  78|0x00000000a4e00000, 0x00000000a4e00000, 0x00000000a4f00000|  0%| F|  |TAMS 0x00000000a4e00000, 0x00000000a4e00000| Untracked 
|  79|0x00000000a4f00000, 0x00000000a4f00000, 0x00000000a5000000|  0%| F|  |TAMS 0x00000000a4f00000, 0x00000000a4f00000| Untracked 
|  80|0x00000000a5000000, 0x00000000a5000000, 0x00000000a5100000|  0%| F|  |TAMS 0x00000000a5000000, 0x00000000a5000000| Untracked 
|  81|0x00000000a5100000, 0x00000000a5100000, 0x00000000a5200000|  0%| F|  |TAMS 0x00000000a5100000, 0x00000000a5100000| Untracked 
|  82|0x00000000a5200000, 0x00000000a5200000, 0x00000000a5300000|  0%| F|  |TAMS 0x00000000a5200000, 0x00000000a5200000| Untracked 
|  83|0x00000000a5300000, 0x00000000a5300000, 0x00000000a5400000|  0%| F|  |TAMS 0x00000000a5300000, 0x00000000a5300000| Untracked 
|  84|0x00000000a5400000, 0x00000000a5500000, 0x00000000a5500000|100%| O|  |TAMS 0x00000000a5500000, 0x00000000a5400000| Untracked 
|  85|0x00000000a5500000, 0x00000000a5500000, 0x00000000a5600000|  0%| F|  |TAMS 0x00000000a5500000, 0x00000000a5500000| Untracked 
|  86|0x00000000a5600000, 0x00000000a5600000, 0x00000000a5700000|  0%| F|  |TAMS 0x00000000a5600000, 0x00000000a5600000| Untracked 
|  87|0x00000000a5700000, 0x00000000a5700000, 0x00000000a5800000|  0%| F|  |TAMS 0x00000000a5700000, 0x00000000a5700000| Untracked 
|  88|0x00000000a5800000, 0x00000000a5900000, 0x00000000a5900000|100%| O|  |TAMS 0x00000000a5900000, 0x00000000a5800000| Untracked 
|  89|0x00000000a5900000, 0x00000000a5a00000, 0x00000000a5a00000|100%| O|  |TAMS 0x00000000a5a00000, 0x00000000a5900000| Untracked 
|  90|0x00000000a5a00000, 0x00000000a5b00000, 0x00000000a5b00000|100%| O|  |TAMS 0x00000000a5b00000, 0x00000000a5a00000| Untracked 
|  91|0x00000000a5b00000, 0x00000000a5c00000, 0x00000000a5c00000|100%| O|  |TAMS 0x00000000a5c00000, 0x00000000a5b00000| Untracked 
|  92|0x00000000a5c00000, 0x00000000a5d00000, 0x00000000a5d00000|100%| O|  |TAMS 0x00000000a5d00000, 0x00000000a5c00000| Untracked 
|  93|0x00000000a5d00000, 0x00000000a5d00000, 0x00000000a5e00000|  0%| F|  |TAMS 0x00000000a5d00000, 0x00000000a5d00000| Untracked 
|  94|0x00000000a5e00000, 0x00000000a5e00000, 0x00000000a5f00000|  0%| F|  |TAMS 0x00000000a5e00000, 0x00000000a5e00000| Untracked 
|  95|0x00000000a5f00000, 0x00000000a5f00000, 0x00000000a6000000|  0%| F|  |TAMS 0x00000000a5f00000, 0x00000000a5f00000| Untracked 
|  96|0x00000000a6000000, 0x00000000a6000000, 0x00000000a6100000|  0%| F|  |TAMS 0x00000000a6000000, 0x00000000a6000000| Untracked 
|  97|0x00000000a6100000, 0x00000000a6100000, 0x00000000a6200000|  0%| F|  |TAMS 0x00000000a6100000, 0x00000000a6100000| Untracked 
|  98|0x00000000a6200000, 0x00000000a6200000, 0x00000000a6300000|  0%| F|  |TAMS 0x00000000a6200000, 0x00000000a6200000| Untracked 
|  99|0x00000000a6300000, 0x00000000a6400000, 0x00000000a6400000|100%| O|  |TAMS 0x00000000a6400000, 0x00000000a6300000| Untracked 
| 100|0x00000000a6400000, 0x00000000a6500000, 0x00000000a6500000|100%| O|  |TAMS 0x00000000a6500000, 0x00000000a6400000| Untracked 
| 101|0x00000000a6500000, 0x00000000a6600000, 0x00000000a6600000|100%| O|  |TAMS 0x00000000a6600000, 0x00000000a6500000| Untracked 
| 102|0x00000000a6600000, 0x00000000a6600000, 0x00000000a6700000|  0%| F|  |TAMS 0x00000000a6600000, 0x00000000a6600000| Untracked 
| 103|0x00000000a6700000, 0x00000000a6800000, 0x00000000a6800000|100%|HS|  |TAMS 0x00000000a6800000, 0x00000000a6700000| Complete 
| 104|0x00000000a6800000, 0x00000000a6900000, 0x00000000a6900000|100%|HC|  |TAMS 0x00000000a6900000, 0x00000000a6800000| Complete 
| 105|0x00000000a6900000, 0x00000000a6a00000, 0x00000000a6a00000|100%| O|  |TAMS 0x00000000a6a00000, 0x00000000a6900000| Untracked 
| 106|0x00000000a6a00000, 0x00000000a6b00000, 0x00000000a6b00000|100%| O|  |TAMS 0x00000000a6b00000, 0x00000000a6a00000| Untracked 
| 107|0x00000000a6b00000, 0x00000000a6c00000, 0x00000000a6c00000|100%| O|  |TAMS 0x00000000a6c00000, 0x00000000a6b00000| Untracked 
| 108|0x00000000a6c00000, 0x00000000a6d00000, 0x00000000a6d00000|100%| O|  |TAMS 0x00000000a6d00000, 0x00000000a6c00000| Untracked 
| 109|0x00000000a6d00000, 0x00000000a6d00000, 0x00000000a6e00000|  0%| F|  |TAMS 0x00000000a6d00000, 0x00000000a6d00000| Untracked 
| 110|0x00000000a6e00000, 0x00000000a6f00000, 0x00000000a6f00000|100%| O|  |TAMS 0x00000000a6f00000, 0x00000000a6e00000| Untracked 
| 111|0x00000000a6f00000, 0x00000000a7000000, 0x00000000a7000000|100%| O|  |TAMS 0x00000000a7000000, 0x00000000a6f00000| Untracked 
| 112|0x00000000a7000000, 0x00000000a7100000, 0x00000000a7100000|100%| O|  |TAMS 0x00000000a7100000, 0x00000000a7000000| Untracked 
| 113|0x00000000a7100000, 0x00000000a7200000, 0x00000000a7200000|100%| O|  |TAMS 0x00000000a7200000, 0x00000000a7100000| Untracked 
| 114|0x00000000a7200000, 0x00000000a7300000, 0x00000000a7300000|100%| O|  |TAMS 0x00000000a7300000, 0x00000000a7200000| Untracked 
| 115|0x00000000a7300000, 0x00000000a7300000, 0x00000000a7400000|  0%| F|  |TAMS 0x00000000a7300000, 0x00000000a7300000| Untracked 
| 116|0x00000000a7400000, 0x00000000a7400000, 0x00000000a7500000|  0%| F|  |TAMS 0x00000000a7400000, 0x00000000a7400000| Untracked 
| 117|0x00000000a7500000, 0x00000000a7500000, 0x00000000a7600000|  0%| F|  |TAMS 0x00000000a7500000, 0x00000000a7500000| Untracked 
| 118|0x00000000a7600000, 0x00000000a7600000, 0x00000000a7700000|  0%| F|  |TAMS 0x00000000a7600000, 0x00000000a7600000| Untracked 
| 119|0x00000000a7700000, 0x00000000a7700000, 0x00000000a7800000|  0%| F|  |TAMS 0x00000000a7700000, 0x00000000a7700000| Untracked 
| 120|0x00000000a7800000, 0x00000000a7800000, 0x00000000a7900000|  0%| F|  |TAMS 0x00000000a7800000, 0x00000000a7800000| Untracked 
| 121|0x00000000a7900000, 0x00000000a7900000, 0x00000000a7a00000|  0%| F|  |TAMS 0x00000000a7900000, 0x00000000a7900000| Untracked 
| 122|0x00000000a7a00000, 0x00000000a7a00000, 0x00000000a7b00000|  0%| F|  |TAMS 0x00000000a7a00000, 0x00000000a7a00000| Untracked 
| 123|0x00000000a7b00000, 0x00000000a7b00000, 0x00000000a7c00000|  0%| F|  |TAMS 0x00000000a7b00000, 0x00000000a7b00000| Untracked 
| 124|0x00000000a7c00000, 0x00000000a7c00000, 0x00000000a7d00000|  0%| F|  |TAMS 0x00000000a7c00000, 0x00000000a7c00000| Untracked 
| 125|0x00000000a7d00000, 0x00000000a7d00000, 0x00000000a7e00000|  0%| F|  |TAMS 0x00000000a7d00000, 0x00000000a7d00000| Untracked 
| 126|0x00000000a7e00000, 0x00000000a7e00000, 0x00000000a7f00000|  0%| F|  |TAMS 0x00000000a7e00000, 0x00000000a7e00000| Untracked 
| 127|0x00000000a7f00000, 0x00000000a7f00000, 0x00000000a8000000|  0%| F|  |TAMS 0x00000000a7f00000, 0x00000000a7f00000| Untracked 
| 128|0x00000000a8000000, 0x00000000a8000000, 0x00000000a8100000|  0%| F|  |TAMS 0x00000000a8000000, 0x00000000a8000000| Untracked 
| 129|0x00000000a8100000, 0x00000000a8100000, 0x00000000a8200000|  0%| F|  |TAMS 0x00000000a8100000, 0x00000000a8100000| Untracked 
| 130|0x00000000a8200000, 0x00000000a8200000, 0x00000000a8300000|  0%| F|  |TAMS 0x00000000a8200000, 0x00000000a8200000| Untracked 
| 131|0x00000000a8300000, 0x00000000a8300000, 0x00000000a8400000|  0%| F|  |TAMS 0x00000000a8300000, 0x00000000a8300000| Untracked 
| 132|0x00000000a8400000, 0x00000000a8400000, 0x00000000a8500000|  0%| F|  |TAMS 0x00000000a8400000, 0x00000000a8400000| Untracked 
| 133|0x00000000a8500000, 0x00000000a8500000, 0x00000000a8600000|  0%| F|  |TAMS 0x00000000a8500000, 0x00000000a8500000| Untracked 
| 134|0x00000000a8600000, 0x00000000a8600000, 0x00000000a8700000|  0%| F|  |TAMS 0x00000000a8600000, 0x00000000a8600000| Untracked 
| 135|0x00000000a8700000, 0x00000000a8700000, 0x00000000a8800000|  0%| F|  |TAMS 0x00000000a8700000, 0x00000000a8700000| Untracked 
| 136|0x00000000a8800000, 0x00000000a8800000, 0x00000000a8900000|  0%| F|  |TAMS 0x00000000a8800000, 0x00000000a8800000| Untracked 
| 137|0x00000000a8900000, 0x00000000a8900000, 0x00000000a8a00000|  0%| F|  |TAMS 0x00000000a8900000, 0x00000000a8900000| Untracked 
| 138|0x00000000a8a00000, 0x00000000a8a00000, 0x00000000a8b00000|  0%| F|  |TAMS 0x00000000a8a00000, 0x00000000a8a00000| Untracked 
| 139|0x00000000a8b00000, 0x00000000a8b00000, 0x00000000a8c00000|  0%| F|  |TAMS 0x00000000a8b00000, 0x00000000a8b00000| Untracked 
| 140|0x00000000a8c00000, 0x00000000a8d00000, 0x00000000a8d00000|100%| O|  |TAMS 0x00000000a8d00000, 0x00000000a8c00000| Untracked 
| 141|0x00000000a8d00000, 0x00000000a8d00000, 0x00000000a8e00000|  0%| F|  |TAMS 0x00000000a8d00000, 0x00000000a8d00000| Untracked 
| 142|0x00000000a8e00000, 0x00000000a8e00000, 0x00000000a8f00000|  0%| F|  |TAMS 0x00000000a8e00000, 0x00000000a8e00000| Untracked 
| 143|0x00000000a8f00000, 0x00000000a8f00000, 0x00000000a9000000|  0%| F|  |TAMS 0x00000000a8f00000, 0x00000000a8f00000| Untracked 
| 144|0x00000000a9000000, 0x00000000a9034bb8, 0x00000000a9100000| 20%| S|CS|TAMS 0x00000000a9000000, 0x00000000a9000000| Complete 
| 145|0x00000000a9100000, 0x00000000a9200000, 0x00000000a9200000|100%| S|CS|TAMS 0x00000000a9100000, 0x00000000a9100000| Complete 
| 146|0x00000000a9200000, 0x00000000a9200000, 0x00000000a9300000|  0%| F|  |TAMS 0x00000000a9200000, 0x00000000a9200000| Untracked 
| 147|0x00000000a9300000, 0x00000000a9300000, 0x00000000a9400000|  0%| F|  |TAMS 0x00000000a9300000, 0x00000000a9300000| Untracked 
| 148|0x00000000a9400000, 0x00000000a9400000, 0x00000000a9500000|  0%| F|  |TAMS 0x00000000a9400000, 0x00000000a9400000| Untracked 
| 149|0x00000000a9500000, 0x00000000a9500000, 0x00000000a9600000|  0%| F|  |TAMS 0x00000000a9500000, 0x00000000a9500000| Untracked 
| 150|0x00000000a9600000, 0x00000000a9600000, 0x00000000a9700000|  0%| F|  |TAMS 0x00000000a9600000, 0x00000000a9600000| Untracked 
| 151|0x00000000a9700000, 0x00000000a9800000, 0x00000000a9800000|100%| S|CS|TAMS 0x00000000a9700000, 0x00000000a9700000| Complete 
| 152|0x00000000a9800000, 0x00000000a9900000, 0x00000000a9900000|100%| O|  |TAMS 0x00000000a9900000, 0x00000000a9800000| Untracked 
| 153|0x00000000a9900000, 0x00000000a9a00000, 0x00000000a9a00000|100%| O|  |TAMS 0x00000000a9a00000, 0x00000000a9900000| Untracked 
| 154|0x00000000a9a00000, 0x00000000a9b00000, 0x00000000a9b00000|100%| O|  |TAMS 0x00000000a9b00000, 0x00000000a9a00000| Untracked 
| 155|0x00000000a9b00000, 0x00000000a9c00000, 0x00000000a9c00000|100%| O|  |TAMS 0x00000000a9c00000, 0x00000000a9b00000| Untracked 
| 156|0x00000000a9c00000, 0x00000000a9d00000, 0x00000000a9d00000|100%| O|  |TAMS 0x00000000a9d00000, 0x00000000a9c00000| Untracked 
| 157|0x00000000a9d00000, 0x00000000a9e00000, 0x00000000a9e00000|100%| O|  |TAMS 0x00000000a9e00000, 0x00000000a9d00000| Untracked 
| 158|0x00000000a9e00000, 0x00000000a9f00000, 0x00000000a9f00000|100%| O|  |TAMS 0x00000000a9f00000, 0x00000000a9e00000| Untracked 
| 159|0x00000000a9f00000, 0x00000000aa000000, 0x00000000aa000000|100%| O|  |TAMS 0x00000000aa000000, 0x00000000a9f00000| Untracked 
| 160|0x00000000aa000000, 0x00000000aa100000, 0x00000000aa100000|100%| O|  |TAMS 0x00000000aa100000, 0x00000000aa000000| Untracked 
| 161|0x00000000aa100000, 0x00000000aa200000, 0x00000000aa200000|100%| O|  |TAMS 0x00000000aa200000, 0x00000000aa100000| Untracked 
| 162|0x00000000aa200000, 0x00000000aa300000, 0x00000000aa300000|100%| O|  |TAMS 0x00000000aa300000, 0x00000000aa200000| Untracked 
| 163|0x00000000aa300000, 0x00000000aa400000, 0x00000000aa400000|100%| O|  |TAMS 0x00000000aa400000, 0x00000000aa300000| Untracked 
| 164|0x00000000aa400000, 0x00000000aa500000, 0x00000000aa500000|100%| O|  |TAMS 0x00000000aa500000, 0x00000000aa400000| Untracked 
| 165|0x00000000aa500000, 0x00000000aa600000, 0x00000000aa600000|100%| O|  |TAMS 0x00000000aa600000, 0x00000000aa500000| Untracked 
| 166|0x00000000aa600000, 0x00000000aa700000, 0x00000000aa700000|100%| O|  |TAMS 0x00000000aa700000, 0x00000000aa600000| Untracked 
| 167|0x00000000aa700000, 0x00000000aa800000, 0x00000000aa800000|100%| O|  |TAMS 0x00000000aa800000, 0x00000000aa700000| Untracked 
| 168|0x00000000aa800000, 0x00000000aa900000, 0x00000000aa900000|100%| O|  |TAMS 0x00000000aa900000, 0x00000000aa800000| Untracked 
| 169|0x00000000aa900000, 0x00000000aaa00000, 0x00000000aaa00000|100%| O|  |TAMS 0x00000000aaa00000, 0x00000000aa900000| Untracked 
| 170|0x00000000aaa00000, 0x00000000aab00000, 0x00000000aab00000|100%| O|  |TAMS 0x00000000aab00000, 0x00000000aaa00000| Untracked 
| 171|0x00000000aab00000, 0x00000000aac00000, 0x00000000aac00000|100%| O|  |TAMS 0x00000000aac00000, 0x00000000aab00000| Untracked 
| 172|0x00000000aac00000, 0x00000000aad00000, 0x00000000aad00000|100%| O|  |TAMS 0x00000000aad00000, 0x00000000aac00000| Untracked 
| 173|0x00000000aad00000, 0x00000000aae00000, 0x00000000aae00000|100%| O|  |TAMS 0x00000000aae00000, 0x00000000aad00000| Untracked 
| 174|0x00000000aae00000, 0x00000000aaf00000, 0x00000000aaf00000|100%| O|  |TAMS 0x00000000aaf00000, 0x00000000aae00000| Untracked 
| 175|0x00000000aaf00000, 0x00000000ab000000, 0x00000000ab000000|100%| O|  |TAMS 0x00000000ab000000, 0x00000000aaf00000| Untracked 
| 176|0x00000000ab000000, 0x00000000ab100000, 0x00000000ab100000|100%| O|  |TAMS 0x00000000ab100000, 0x00000000ab000000| Untracked 
| 177|0x00000000ab100000, 0x00000000ab200000, 0x00000000ab200000|100%| O|  |TAMS 0x00000000ab200000, 0x00000000ab100000| Untracked 
| 178|0x00000000ab200000, 0x00000000ab300000, 0x00000000ab300000|100%| S|CS|TAMS 0x00000000ab200000, 0x00000000ab200000| Complete 
| 179|0x00000000ab300000, 0x00000000ab300000, 0x00000000ab400000|  0%| F|  |TAMS 0x00000000ab300000, 0x00000000ab300000| Untracked 
| 180|0x00000000ab400000, 0x00000000ab500000, 0x00000000ab500000|100%| O|  |TAMS 0x00000000ab500000, 0x00000000ab400000| Untracked 
| 181|0x00000000ab500000, 0x00000000ab600000, 0x00000000ab600000|100%| O|  |TAMS 0x00000000ab600000, 0x00000000ab500000| Untracked 
| 182|0x00000000ab600000, 0x00000000ab700000, 0x00000000ab700000|100%| O|  |TAMS 0x00000000ab700000, 0x00000000ab600000| Untracked 
| 183|0x00000000ab700000, 0x00000000ab800000, 0x00000000ab800000|100%| O|  |TAMS 0x00000000ab800000, 0x00000000ab700000| Untracked 
| 184|0x00000000ab800000, 0x00000000ab900000, 0x00000000ab900000|100%| O|  |TAMS 0x00000000ab900000, 0x00000000ab800000| Untracked 
| 185|0x00000000ab900000, 0x00000000aba00000, 0x00000000aba00000|100%| O|  |TAMS 0x00000000aba00000, 0x00000000ab900000| Untracked 
| 186|0x00000000aba00000, 0x00000000abb00000, 0x00000000abb00000|100%| O|  |TAMS 0x00000000abb00000, 0x00000000aba00000| Untracked 
| 187|0x00000000abb00000, 0x00000000abc00000, 0x00000000abc00000|100%| O|  |TAMS 0x00000000abc00000, 0x00000000abb00000| Untracked 
| 188|0x00000000abc00000, 0x00000000abd00000, 0x00000000abd00000|100%| O|  |TAMS 0x00000000abd00000, 0x00000000abc00000| Untracked 
| 189|0x00000000abd00000, 0x00000000abe00000, 0x00000000abe00000|100%| O|  |TAMS 0x00000000abe00000, 0x00000000abd00000| Untracked 
| 190|0x00000000abe00000, 0x00000000abf00000, 0x00000000abf00000|100%| O|  |TAMS 0x00000000abf00000, 0x00000000abe00000| Untracked 
| 191|0x00000000abf00000, 0x00000000ac000000, 0x00000000ac000000|100%| O|  |TAMS 0x00000000ac000000, 0x00000000abf00000| Untracked 
| 192|0x00000000ac000000, 0x00000000ac100000, 0x00000000ac100000|100%| O|  |TAMS 0x00000000ac100000, 0x00000000ac000000| Untracked 
| 193|0x00000000ac100000, 0x00000000ac100000, 0x00000000ac200000|  0%| F|  |TAMS 0x00000000ac100000, 0x00000000ac100000| Untracked 
| 194|0x00000000ac200000, 0x00000000ac200000, 0x00000000ac300000|  0%| F|  |TAMS 0x00000000ac200000, 0x00000000ac200000| Untracked 
| 195|0x00000000ac300000, 0x00000000ac400000, 0x00000000ac400000|100%| O|  |TAMS 0x00000000ac300000, 0x00000000ac300000| Untracked 
| 196|0x00000000ac400000, 0x00000000ac500000, 0x00000000ac500000|100%| O|  |TAMS 0x00000000ac400000, 0x00000000ac400000| Untracked 
| 197|0x00000000ac500000, 0x00000000ac600000, 0x00000000ac600000|100%| O|  |TAMS 0x00000000ac500000, 0x00000000ac500000| Untracked 
| 198|0x00000000ac600000, 0x00000000ac700000, 0x00000000ac700000|100%| O|  |TAMS 0x00000000ac600000, 0x00000000ac600000| Untracked 
| 199|0x00000000ac700000, 0x00000000ac800000, 0x00000000ac800000|100%| O|  |TAMS 0x00000000ac700000, 0x00000000ac700000| Untracked 
| 200|0x00000000ac800000, 0x00000000ac900000, 0x00000000ac900000|100%| O|  |TAMS 0x00000000ac800000, 0x00000000ac800000| Untracked 
| 201|0x00000000ac900000, 0x00000000aca00000, 0x00000000aca00000|100%| O|  |TAMS 0x00000000ac900000, 0x00000000ac900000| Untracked 
| 202|0x00000000aca00000, 0x00000000acb00000, 0x00000000acb00000|100%| O|  |TAMS 0x00000000aca00000, 0x00000000aca00000| Untracked 
| 203|0x00000000acb00000, 0x00000000acc00000, 0x00000000acc00000|100%| O|  |TAMS 0x00000000acb00000, 0x00000000acb00000| Untracked 
| 204|0x00000000acc00000, 0x00000000acd00000, 0x00000000acd00000|100%| O|  |TAMS 0x00000000acc00000, 0x00000000acc00000| Untracked 
| 205|0x00000000acd00000, 0x00000000ace00000, 0x00000000ace00000|100%| O|  |TAMS 0x00000000acd00000, 0x00000000acd00000| Untracked 
| 206|0x00000000ace00000, 0x00000000acf00000, 0x00000000acf00000|100%| O|  |TAMS 0x00000000ace00000, 0x00000000ace00000| Untracked 
| 207|0x00000000acf00000, 0x00000000ad000000, 0x00000000ad000000|100%| O|  |TAMS 0x00000000acf00000, 0x00000000acf00000| Untracked 
| 208|0x00000000ad000000, 0x00000000ad100000, 0x00000000ad100000|100%| O|  |TAMS 0x00000000ad000000, 0x00000000ad000000| Untracked 
| 209|0x00000000ad100000, 0x00000000ad200000, 0x00000000ad200000|100%| O|  |TAMS 0x00000000ad100000, 0x00000000ad100000| Untracked 
| 210|0x00000000ad200000, 0x00000000ad200000, 0x00000000ad300000|  0%| F|  |TAMS 0x00000000ad200000, 0x00000000ad200000| Untracked 
| 211|0x00000000ad300000, 0x00000000ad300000, 0x00000000ad400000|  0%| F|  |TAMS 0x00000000ad300000, 0x00000000ad300000| Untracked 
| 212|0x00000000ad400000, 0x00000000ad400000, 0x00000000ad500000|  0%| F|  |TAMS 0x00000000ad400000, 0x00000000ad400000| Untracked 
| 213|0x00000000ad500000, 0x00000000ad500000, 0x00000000ad600000|  0%| F|  |TAMS 0x00000000ad500000, 0x00000000ad500000| Untracked 
| 214|0x00000000ad600000, 0x00000000ad600000, 0x00000000ad700000|  0%| F|  |TAMS 0x00000000ad600000, 0x00000000ad600000| Untracked 
| 215|0x00000000ad700000, 0x00000000ad700000, 0x00000000ad800000|  0%| F|  |TAMS 0x00000000ad700000, 0x00000000ad700000| Untracked 
| 216|0x00000000ad800000, 0x00000000ad800000, 0x00000000ad900000|  0%| F|  |TAMS 0x00000000ad800000, 0x00000000ad800000| Untracked 
| 217|0x00000000ad900000, 0x00000000ad900000, 0x00000000ada00000|  0%| F|  |TAMS 0x00000000ad900000, 0x00000000ad900000| Untracked 
| 218|0x00000000ada00000, 0x00000000ada00000, 0x00000000adb00000|  0%| F|  |TAMS 0x00000000ada00000, 0x00000000ada00000| Untracked 
| 219|0x00000000adb00000, 0x00000000adb00000, 0x00000000adc00000|  0%| F|  |TAMS 0x00000000adb00000, 0x00000000adb00000| Untracked 
| 220|0x00000000adc00000, 0x00000000adc00000, 0x00000000add00000|  0%| F|  |TAMS 0x00000000adc00000, 0x00000000adc00000| Untracked 
| 221|0x00000000add00000, 0x00000000add00000, 0x00000000ade00000|  0%| F|  |TAMS 0x00000000add00000, 0x00000000add00000| Untracked 
| 222|0x00000000ade00000, 0x00000000ade00000, 0x00000000adf00000|  0%| F|  |TAMS 0x00000000ade00000, 0x00000000ade00000| Untracked 
| 223|0x00000000adf00000, 0x00000000adf00000, 0x00000000ae000000|  0%| F|  |TAMS 0x00000000adf00000, 0x00000000adf00000| Untracked 
| 224|0x00000000ae000000, 0x00000000ae000000, 0x00000000ae100000|  0%| F|  |TAMS 0x00000000ae000000, 0x00000000ae000000| Untracked 
| 225|0x00000000ae100000, 0x00000000ae100000, 0x00000000ae200000|  0%| F|  |TAMS 0x00000000ae100000, 0x00000000ae100000| Untracked 
| 226|0x00000000ae200000, 0x00000000ae200000, 0x00000000ae300000|  0%| F|  |TAMS 0x00000000ae200000, 0x00000000ae200000| Untracked 
| 227|0x00000000ae300000, 0x00000000ae300000, 0x00000000ae400000|  0%| F|  |TAMS 0x00000000ae300000, 0x00000000ae300000| Untracked 
| 228|0x00000000ae400000, 0x00000000ae400000, 0x00000000ae500000|  0%| F|  |TAMS 0x00000000ae400000, 0x00000000ae400000| Untracked 
| 229|0x00000000ae500000, 0x00000000ae500000, 0x00000000ae600000|  0%| F|  |TAMS 0x00000000ae500000, 0x00000000ae500000| Untracked 
| 230|0x00000000ae600000, 0x00000000ae600000, 0x00000000ae700000|  0%| F|  |TAMS 0x00000000ae600000, 0x00000000ae600000| Untracked 
| 231|0x00000000ae700000, 0x00000000ae700000, 0x00000000ae800000|  0%| F|  |TAMS 0x00000000ae700000, 0x00000000ae700000| Untracked 
| 232|0x00000000ae800000, 0x00000000ae800000, 0x00000000ae900000|  0%| F|  |TAMS 0x00000000ae800000, 0x00000000ae800000| Untracked 
| 233|0x00000000ae900000, 0x00000000ae900000, 0x00000000aea00000|  0%| F|  |TAMS 0x00000000ae900000, 0x00000000ae900000| Untracked 
| 234|0x00000000aea00000, 0x00000000aea00000, 0x00000000aeb00000|  0%| F|  |TAMS 0x00000000aea00000, 0x00000000aea00000| Untracked 
| 235|0x00000000aeb00000, 0x00000000aeb00000, 0x00000000aec00000|  0%| F|  |TAMS 0x00000000aeb00000, 0x00000000aeb00000| Untracked 
| 236|0x00000000aec00000, 0x00000000aec00000, 0x00000000aed00000|  0%| F|  |TAMS 0x00000000aec00000, 0x00000000aec00000| Untracked 
| 237|0x00000000aed00000, 0x00000000aed00000, 0x00000000aee00000|  0%| F|  |TAMS 0x00000000aed00000, 0x00000000aed00000| Untracked 
| 238|0x00000000aee00000, 0x00000000aee00000, 0x00000000aef00000|  0%| F|  |TAMS 0x00000000aee00000, 0x00000000aee00000| Untracked 
| 239|0x00000000aef00000, 0x00000000aef00000, 0x00000000af000000|  0%| F|  |TAMS 0x00000000aef00000, 0x00000000aef00000| Untracked 

Card table byte_map: [0x0000020d0f000000,0x0000020d0f300000] _byte_map_base: 0x0000020d0eb00000

Marking Bits (Prev, Next): (CMBitMap*) 0x0000020d785c48e0, (CMBitMap*) 0x0000020d785c48a8
 Prev Bits: [0x0000020d10e00000, 0x0000020d12600000)
 Next Bits: [0x0000020d0f600000, 0x0000020d10e00000)

Polling page: 0x0000020d758b0000

Metaspace:

Usage:
  Non-class:     84.51 MB capacity,    83.12 MB ( 98%) used,     1.20 MB (  1%) free+waste,   201.50 KB ( <1%) overhead. 
      Class:     12.20 MB capacity,    11.41 MB ( 94%) used,   717.81 KB (  6%) free+waste,    92.25 KB ( <1%) overhead. 
       Both:     96.71 MB capacity,    94.52 MB ( 98%) used,     1.90 MB (  2%) free+waste,   293.75 KB ( <1%) overhead. 

Virtual space:
  Non-class space:       86.00 MB reserved,      84.76 MB ( 99%) committed 
      Class space:        1.00 GB reserved,      12.25 MB (  1%) committed 
             Both:        1.08 GB reserved,      97.01 MB (  9%) committed 

Chunk freelists:
   Non-Class:  7.50 KB
       Class:  2.75 KB
        Both:  10.25 KB

CodeHeap 'non-profiled nmethods': size=120064Kb used=6875Kb max_used=7141Kb free=113188Kb
 bounds [0x0000020d07ac0000, 0x0000020d081c0000, 0x0000020d0f000000]
CodeHeap 'profiled nmethods': size=120000Kb used=24884Kb max_used=27268Kb free=95116Kb
 bounds [0x0000020d00590000, 0x0000020d02040000, 0x0000020d07ac0000]
CodeHeap 'non-nmethods': size=5696Kb used=1245Kb max_used=1326Kb free=4450Kb
 bounds [0x0000020d00000000, 0x0000020d00270000, 0x0000020d00590000]
 total_blobs=11526 nmethods=10877 adapters=560
 compilation: enabled
              stopped_count=0, restarted_count=0
 full_count=0

Compilation events (10 events):
Event: 1095.042 Thread 0x0000020d153ce800 11894       3       org.jetbrains.kotlin.com.intellij.util.containers.hash.LinkedHashMap::clear (14 bytes)
Event: 1095.042 Thread 0x0000020d153ce800 nmethod 11894 0x0000020d005b8590 code [0x0000020d005b8740, 0x0000020d005b8b00]
Event: 1095.042 Thread 0x0000020d153ce800 11895       3       org.jetbrains.kotlin.com.intellij.util.containers.UnsafeWeakList::processQueue (83 bytes)
Event: 1095.043 Thread 0x0000020d153ce800 nmethod 11895 0x0000020d005ba890 code [0x0000020d005baac0, 0x0000020d005bb550]
Event: 1095.043 Thread 0x0000020d153ce800 11896       3       jdk.internal.misc.Unsafe::weakCompareAndSetObject (11 bytes)
Event: 1095.043 Thread 0x0000020d153ce800 nmethod 11896 0x0000020d005ba510 code [0x0000020d005ba6a0, 0x0000020d005ba7f0]
Event: 1095.043 Thread 0x0000020d15da6000 nmethod 11893 0x0000020d07af2690 code [0x0000020d07af2820, 0x0000020d07af2958]
Event: 1095.043 Thread 0x0000020d15da6000 11897       4       java.util.regex.Matcher::start (65 bytes)
Event: 1095.044 Thread 0x0000020d15da6000 nmethod 11897 0x0000020d07af9e10 code [0x0000020d07af9fa0, 0x0000020d07afa098]
Event: 1095.279 Thread 0x0000020d153ad000 nmethod 11845 0x0000020d07c30910 code [0x0000020d07c31620, 0x0000020d07c3a428]

GC Heap History (10 events):
Event: 1094.021 GC heap after
{Heap after GC invocations=42 (full 0):
 garbage-first heap   total 245760K, used 181632K [0x00000000a0000000, 0x0000000100000000)
  region size 1024K, 3 young (3072K), 3 survivors (3072K)
 Metaspace       used 92498K, capacity 94669K, committed 94984K, reserved 1132544K
  class space    used 11117K, capacity 11911K, committed 12032K, reserved 1048576K
}
Event: 1094.038 GC heap before
{Heap before GC invocations=42 (full 0):
 garbage-first heap   total 245760K, used 190848K [0x00000000a0000000, 0x0000000100000000)
  region size 1024K, 12 young (12288K), 3 survivors (3072K)
 Metaspace       used 92500K, capacity 94733K, committed 94984K, reserved 1132544K
  class space    used 11117K, capacity 11911K, committed 12032K, reserved 1048576K
}
Event: 1094.045 GC heap after
{Heap after GC invocations=43 (full 0):
 garbage-first heap   total 245760K, used 159509K [0x00000000a0000000, 0x0000000100000000)
  region size 1024K, 1 young (1024K), 1 survivors (1024K)
 Metaspace       used 92500K, capacity 94733K, committed 94984K, reserved 1132544K
  class space    used 11117K, capacity 11911K, committed 12032K, reserved 1048576K
}
Event: 1094.092 GC heap before
{Heap before GC invocations=43 (full 0):
 garbage-first heap   total 245760K, used 170773K [0x00000000a0000000, 0x0000000100000000)
  region size 1024K, 12 young (12288K), 1 survivors (1024K)
 Metaspace       used 92504K, capacity 94733K, committed 94984K, reserved 1132544K
  class space    used 11117K, capacity 11911K, committed 12032K, reserved 1048576K
}
Event: 1094.110 GC heap after
{Heap after GC invocations=44 (full 0):
 garbage-first heap   total 245760K, used 142748K [0x00000000a0000000, 0x0000000100000000)
  region size 1024K, 2 young (2048K), 2 survivors (2048K)
 Metaspace       used 92504K, capacity 94733K, committed 94984K, reserved 1132544K
  class space    used 11117K, capacity 11911K, committed 12032K, reserved 1048576K
}
Event: 1094.225 GC heap before
{Heap before GC invocations=44 (full 0):
 garbage-first heap   total 245760K, used 152988K [0x00000000a0000000, 0x0000000100000000)
  region size 1024K, 12 young (12288K), 2 survivors (2048K)
 Metaspace       used 92505K, capacity 94733K, committed 94984K, reserved 1132544K
  class space    used 11117K, capacity 11911K, committed 12032K, reserved 1048576K
}
Event: 1094.236 GC heap after
{Heap after GC invocations=45 (full 0):
 garbage-first heap   total 245760K, used 142336K [0x00000000a0000000, 0x0000000100000000)
  region size 1024K, 2 young (2048K), 2 survivors (2048K)
 Metaspace       used 92505K, capacity 94733K, committed 94984K, reserved 1132544K
  class space    used 11117K, capacity 11911K, committed 12032K, reserved 1048576K
}
Event: 1094.602 GC heap before
{Heap before GC invocations=45 (full 0):
 garbage-first heap   total 245760K, used 176128K [0x00000000a0000000, 0x0000000100000000)
  region size 1024K, 35 young (35840K), 2 survivors (2048K)
 Metaspace       used 94707K, capacity 96905K, committed 97032K, reserved 1134592K
  class space    used 11454K, capacity 12252K, committed 12288K, reserved 1048576K
}
Event: 1094.609 GC heap after
{Heap after GC invocations=46 (full 0):
 garbage-first heap   total 245760K, used 147379K [0x00000000a0000000, 0x0000000100000000)
  region size 1024K, 5 young (5120K), 5 survivors (5120K)
 Metaspace       used 94707K, capacity 96905K, committed 97032K, reserved 1134592K
  class space    used 11454K, capacity 12252K, committed 12288K, reserved 1048576K
}
Event: 1095.438 GC heap before
{Heap before GC invocations=46 (full 0):
 garbage-first heap   total 245760K, used 181171K [0x00000000a0000000, 0x0000000100000000)
  region size 1024K, 38 young (38912K), 5 survivors (5120K)
 Metaspace       used 96792K, capacity 99030K, committed 99336K, reserved 1136640K
  class space    used 11679K, capacity 12490K, committed 12544K, reserved 1048576K
}

Deoptimization events (10 events):
Event: 1094.959 Thread 0x0000020d1ac4d800 Uncommon trap: reason=class_check action=maybe_recompile pc=0x0000020d08093860 method=gnu.trove.TObjectHash.insertionIndex(Ljava/lang/Object;)I @ 213 c2
Event: 1094.991 Thread 0x0000020d1ac4d800 Uncommon trap: reason=unstable_if action=reinterpret pc=0x0000020d07c27e20 method=org.jetbrains.kotlin.metadata.ProtoBuf$Type.getSerializedSize()I @ 129 c2
Event: 1094.992 Thread 0x0000020d1ac4d800 Uncommon trap: reason=unstable_if action=reinterpret pc=0x0000020d07f2b0a8 method=org.jetbrains.kotlin.metadata.ProtoBuf$Type.writeTo(Lorg/jetbrains/kotlin/protobuf/CodedOutputStream;)V @ 117 c2
Event: 1094.992 Thread 0x0000020d1ac4d800 Uncommon trap: reason=unstable_if action=reinterpret pc=0x0000020d07e938a8 method=org.jetbrains.kotlin.protobuf.GeneratedMessageLite$ExtendableMessage$ExtensionWriter.writeUntil(ILorg/jetbrains/kotlin/protobuf/CodedOutputStream;)V @ 109 c2
Event: 1094.992 Thread 0x0000020d1ac4d800 Uncommon trap: reason=unstable_if action=reinterpret pc=0x0000020d07c74408 method=org.jetbrains.kotlin.protobuf.ByteString.copyTo([BIII)V @ 210 c2
Event: 1094.992 Thread 0x0000020d1ac4d800 Uncommon trap: reason=unstable_if action=reinterpret pc=0x0000020d07c74a20 method=org.jetbrains.kotlin.protobuf.ByteString.copyTo([BIII)V @ 210 c2
Event: 1095.042 Thread 0x0000020d1ac4d800 Uncommon trap: reason=class_check action=maybe_recompile pc=0x0000020d07aef798 method=org.jetbrains.kotlin.com.intellij.reference.SoftReference.dereference(Ljava/lang/ref/Reference;)Ljava/lang/Object; @ 9 c2
Event: 1095.042 Thread 0x0000020d1ac4d800 Uncommon trap: reason=class_check action=maybe_recompile pc=0x0000020d07aef798 method=org.jetbrains.kotlin.com.intellij.reference.SoftReference.dereference(Ljava/lang/ref/Reference;)Ljava/lang/Object; @ 9 c2
Event: 1095.042 Thread 0x0000020d1ac4d800 Uncommon trap: reason=class_check action=maybe_recompile pc=0x0000020d07aef798 method=org.jetbrains.kotlin.com.intellij.reference.SoftReference.dereference(Ljava/lang/ref/Reference;)Ljava/lang/Object; @ 9 c2
Event: 1095.042 Thread 0x0000020d1ac4d800 Uncommon trap: reason=class_check action=maybe_recompile pc=0x0000020d07aef798 method=org.jetbrains.kotlin.com.intellij.reference.SoftReference.dereference(Ljava/lang/ref/Reference;)Ljava/lang/Object; @ 9 c2

Classes redefined (0 events):
No events

Internal exceptions (10 events):
Event: 1094.985 Thread 0x0000020d1ac4d800 Exception <a 'java/io/FileNotFoundException'{0x00000000ab348de8}> (0x00000000ab348de8) thrown at [./open/src/hotspot/share/prims/jni.cpp, line 611]
Event: 1094.985 Thread 0x0000020d1ac4d800 Exception <a 'sun/nio/fs/WindowsException'{0x00000000ab349f88}> (0x00000000ab349f88) thrown at [./open/src/hotspot/share/prims/jni.cpp, line 611]
Event: 1094.987 Thread 0x0000020d1ac4d800 Exception <a 'sun/nio/fs/WindowsException'{0x00000000ab34d808}> (0x00000000ab34d808) thrown at [./open/src/hotspot/share/prims/jni.cpp, line 611]
Event: 1094.988 Thread 0x0000020d1ac4d800 Exception <a 'java/io/FileNotFoundException'{0x00000000ab34ea80}> (0x00000000ab34ea80) thrown at [./open/src/hotspot/share/prims/jni.cpp, line 611]
Event: 1094.988 Thread 0x0000020d1ac4d800 Exception <a 'java/io/FileNotFoundException'{0x00000000ab34fd80}> (0x00000000ab34fd80) thrown at [./open/src/hotspot/share/prims/jni.cpp, line 611]
Event: 1094.990 Thread 0x0000020d1ac4d800 Exception <a 'java/io/FileNotFoundException'{0x00000000ab361248}> (0x00000000ab361248) thrown at [./open/src/hotspot/share/prims/jni.cpp, line 611]
Event: 1094.990 Thread 0x0000020d1ac4d800 Exception <a 'sun/nio/fs/WindowsException'{0x00000000ab362520}> (0x00000000ab362520) thrown at [./open/src/hotspot/share/prims/jni.cpp, line 611]
Event: 1094.991 Thread 0x0000020d1ac4d800 Exception <a 'sun/nio/fs/WindowsException'{0x00000000ab365b80}> (0x00000000ab365b80) thrown at [./open/src/hotspot/share/prims/jni.cpp, line 611]
Event: 1094.991 Thread 0x0000020d1ac4d800 Exception <a 'java/io/FileNotFoundException'{0x00000000ab366e38}> (0x00000000ab366e38) thrown at [./open/src/hotspot/share/prims/jni.cpp, line 611]
Event: 1094.991 Thread 0x0000020d1ac4d800 Exception <a 'java/io/FileNotFoundException'{0x00000000ab368268}> (0x00000000ab368268) thrown at [./open/src/hotspot/share/prims/jni.cpp, line 611]

Events (10 events):
Event: 1095.042 Thread 0x0000020d1ac4d800 Uncommon trap: trap_request=0xffffffde fr.pc=0x0000020d07aef798 relative=0x0000000000000098
Event: 1095.042 Thread 0x0000020d1ac4d800 DEOPT PACKING pc=0x0000020d07aef798 sp=0x000000a555afa640
Event: 1095.042 Thread 0x0000020d1ac4d800 DEOPT UNPACKING pc=0x0000020d00024e27 sp=0x000000a555afa5f0 mode 2
Event: 1095.042 Thread 0x0000020d1ac4d800 Uncommon trap: trap_request=0xffffffde fr.pc=0x0000020d07aef798 relative=0x0000000000000098
Event: 1095.042 Thread 0x0000020d1ac4d800 DEOPT PACKING pc=0x0000020d07aef798 sp=0x000000a555afa640
Event: 1095.042 Thread 0x0000020d1ac4d800 DEOPT UNPACKING pc=0x0000020d00024e27 sp=0x000000a555afa5f0 mode 2
Event: 1095.042 Thread 0x0000020d1ac4d800 Uncommon trap: trap_request=0xffffffde fr.pc=0x0000020d07aef798 relative=0x0000000000000098
Event: 1095.042 Thread 0x0000020d1ac4d800 DEOPT PACKING pc=0x0000020d07aef798 sp=0x000000a555afa640
Event: 1095.042 Thread 0x0000020d1ac4d800 DEOPT UNPACKING pc=0x0000020d00024e27 sp=0x000000a555afa5f0 mode 2
Event: 1095.438 Executing VM operation: G1CollectForAllocation


Dynamic libraries:
0x00007ff7da770000 - 0x00007ff7da77f000 	C:\Program Files\Java\jdk-11.0.16\bin\java.exe
0x00007fffac990000 - 0x00007fffacb88000 	C:\Windows\SYSTEM32\ntdll.dll
0x00007fff843c0000 - 0x00007fff843d9000 	C:\Program Files\AVG\Antivirus\aswhook.dll
0x00007fffaae30000 - 0x00007fffaaeef000 	C:\Windows\System32\KERNEL32.DLL
0x00007fffaa680000 - 0x00007fffaa976000 	C:\Windows\System32\KERNELBASE.dll
0x00007fffaa220000 - 0x00007fffaa320000 	C:\Windows\System32\ucrtbase.dll
0x00007fff9e6d0000 - 0x00007fff9e6e8000 	C:\Program Files\Java\jdk-11.0.16\bin\jli.dll
0x00007fffac1e0000 - 0x00007fffac28f000 	C:\Windows\System32\ADVAPI32.dll
0x00007fffaa9f0000 - 0x00007fffaaa8e000 	C:\Windows\System32\msvcrt.dll
0x00007fffaaac0000 - 0x00007fffaab5c000 	C:\Windows\System32\sechost.dll
0x00007fffaad00000 - 0x00007fffaae26000 	C:\Windows\System32\RPCRT4.dll
0x00007fffabe60000 - 0x00007fffabffd000 	C:\Windows\System32\USER32.dll
0x00007fffaa110000 - 0x00007fffaa132000 	C:\Windows\System32\win32u.dll
0x00007fffaaa90000 - 0x00007fffaaabc000 	C:\Windows\System32\GDI32.dll
0x00007fff944d0000 - 0x00007fff9476a000 	C:\Windows\WinSxS\amd64_microsoft.windows.common-controls_6595b64144ccf1df_6.0.19041.1110_none_60b5254171f9507e\COMCTL32.dll
0x00007fffaa480000 - 0x00007fffaa595000 	C:\Windows\System32\gdi32full.dll
0x00007fffaa070000 - 0x00007fffaa10d000 	C:\Windows\System32\msvcp_win.dll
0x00007fff9e650000 - 0x00007fff9e665000 	C:\Program Files\Java\jdk-11.0.16\bin\VCRUNTIME140.dll
0x00007fffa4a90000 - 0x00007fffa4a9a000 	C:\Windows\SYSTEM32\VERSION.dll
0x00007fffabe30000 - 0x00007fffabe60000 	C:\Windows\System32\IMM32.DLL
0x00007fff776b0000 - 0x00007fff7774b000 	C:\Program Files\Java\jdk-11.0.16\bin\msvcp140.dll
0x0000020d77250000 - 0x0000020d77d68000 	C:\Program Files\Java\jdk-11.0.16\bin\server\jvm.dll
0x00007fffac390000 - 0x00007fffac398000 	C:\Windows\System32\PSAPI.DLL
0x00007fff97960000 - 0x00007fff97987000 	C:\Windows\SYSTEM32\WINMM.dll
0x00007fff90980000 - 0x00007fff90989000 	C:\Windows\SYSTEM32\WSOCK32.dll
0x00007fffac320000 - 0x00007fffac38b000 	C:\Windows\System32\WS2_32.dll
0x00007fffa7f40000 - 0x00007fffa7f52000 	C:\Windows\SYSTEM32\kernel.appcore.dll
0x00007fffa7880000 - 0x00007fffa7890000 	C:\Program Files\Java\jdk-11.0.16\bin\verify.dll
0x00007fffa0550000 - 0x00007fffa0734000 	C:\Windows\SYSTEM32\DBGHELP.DLL
0x00007fffa02d0000 - 0x00007fffa0304000 	C:\Windows\SYSTEM32\dbgcore.DLL
0x00007fffaa190000 - 0x00007fffaa212000 	C:\Windows\System32\bcryptPrimitives.dll
0x00007fff9dea0000 - 0x00007fff9dec8000 	C:\Program Files\Java\jdk-11.0.16\bin\java.dll
0x00007fffa5590000 - 0x00007fffa559a000 	C:\Program Files\Java\jdk-11.0.16\bin\jimage.dll
0x00007fff9e0f0000 - 0x00007fff9e106000 	C:\Program Files\Java\jdk-11.0.16\bin\zip.dll
0x00007fffab3f0000 - 0x00007fffabb34000 	C:\Windows\System32\SHELL32.dll
0x00007fffa8140000 - 0x00007fffa88d3000 	C:\Windows\SYSTEM32\windows.storage.dll
0x00007fffab020000 - 0x00007fffab374000 	C:\Windows\System32\combase.dll
0x00007fffa9ac0000 - 0x00007fffa9aee000 	C:\Windows\SYSTEM32\Wldp.dll
0x00007fffaaef0000 - 0x00007fffaaf9d000 	C:\Windows\System32\SHCORE.dll
0x00007fffac480000 - 0x00007fffac4d5000 	C:\Windows\System32\shlwapi.dll
0x00007fffa9fb0000 - 0x00007fffa9fcf000 	C:\Windows\SYSTEM32\profapi.dll
0x00007fff9e050000 - 0x00007fff9e069000 	C:\Program Files\Java\jdk-11.0.16\bin\net.dll
0x00007fffa1150000 - 0x00007fffa125a000 	C:\Windows\SYSTEM32\WINHTTP.dll
0x00007fffa9820000 - 0x00007fffa988a000 	C:\Windows\system32\mswsock.dll
0x00007fff9de80000 - 0x00007fff9de92000 	C:\Program Files\Java\jdk-11.0.16\bin\nio.dll
0x00007fffa4f80000 - 0x00007fffa4f89000 	C:\Program Files\Java\jdk-11.0.16\bin\management.dll
0x00007fffa4e50000 - 0x00007fffa4e5b000 	C:\Program Files\Java\jdk-11.0.16\bin\management_ext.dll
0x00007fffa9a10000 - 0x00007fffa9a28000 	C:\Windows\SYSTEM32\CRYPTSP.dll
0x00007fffa90d0000 - 0x00007fffa9104000 	C:\Windows\system32\rsaenh.dll
0x00007fffaa5a0000 - 0x00007fffaa5c7000 	C:\Windows\System32\bcrypt.dll
0x00007fffa9f70000 - 0x00007fffa9f9e000 	C:\Windows\SYSTEM32\USERENV.dll
0x00007fffa9a30000 - 0x00007fffa9a3c000 	C:\Windows\SYSTEM32\CRYPTBASE.dll
0x00007fffa94c0000 - 0x00007fffa94fc000 	C:\Windows\SYSTEM32\IPHLPAPI.DLL
0x00007fffabc70000 - 0x00007fffabc78000 	C:\Windows\System32\NSI.dll
0x00007fffa1c30000 - 0x00007fffa1c47000 	C:\Windows\SYSTEM32\dhcpcsvc6.DLL
0x00007fffa25c0000 - 0x00007fffa25dd000 	C:\Windows\SYSTEM32\dhcpcsvc.DLL
0x00007fffa9510000 - 0x00007fffa95da000 	C:\Windows\SYSTEM32\DNSAPI.dll
0x00007fff9df00000 - 0x00007fff9df07000 	C:\Program Files\Java\jdk-11.0.16\bin\rmi.dll

dbghelp: loaded successfully - version: 4.0.5 - missing functions: none
symbol engine: initialized successfully - sym options: 0x614 - pdb path: .;C:\Program Files\Java\jdk-11.0.16\bin;C:\Windows\SYSTEM32;C:\Program Files\AVG\Antivirus;C:\Windows\WinSxS\amd64_microsoft.windows.common-controls_6595b64144ccf1df_6.0.19041.1110_none_60b5254171f9507e;C:\Program Files\Java\jdk-11.0.16\bin\server

VM Arguments:
jvm_args: -Djava.awt.headless=true -Djava.rmi.server.hostname=127.0.0.1 -Xmx1536m -Dkotlin.environment.keepalive 
java_command: org.jetbrains.kotlin.daemon.KotlinCompileDaemon --daemon-runFilesPath C:\Users\sps\AppData\Local\kotlin\daemon --daemon-autoshutdownIdleSeconds=7200 --daemon-compilerClasspath C:\Users\sps\.gradle\caches\modules-2\files-2.1\org.jetbrains.kotlin\kotlin-compiler-embeddable\1.3.20\ee2efe0fdd12b607e3ac01dd79da99a168ac85c5\kotlin-compiler-embeddable-1.3.20.jar;C:\Users\sps\.gradle\caches\modules-2\files-2.1\org.jetbrains.kotlin\kotlin-reflect\1.3.20\cd49eec32cf964333faf59e04b4085eac7008477\kotlin-reflect-1.3.20.jar;C:\Users\sps\.gradle\caches\modules-2\files-2.1\org.jetbrains.kotlin\kotlin-stdlib\1.3.20\eb2a232734e09fcd1b958a5c7520a93c6de38b32\kotlin-stdlib-1.3.20.jar;C:\Users\sps\.gradle\caches\modules-2\files-2.1\org.jetbrains.kotlin\kotlin-script-runtime\1.3.20\312febd3c42137fcc5477e6666d6eec16631b176\kotlin-script-runtime-1.3.20.jar;C:\Users\sps\.gradle\caches\modules-2\files-2.1\org.jetbrains.intellij.deps\trove4j\1.0.20181211\216c2e14b070f334479d800987affe4054cd563f\trove4j-1.0.20181211.jar;C:\Users\sps\.gradle\caches\modules-2\files-2.1\org.jetbrains.kotlin\kotlin-stdlib-common\1.3.20\7d7934e26ce34da1a0a8d00e38038d7cf3375e89\kotlin-stdlib-common-1.3.20.jar;C:\Users\sps\.gradle\caches\modules-2\files-2.1\org.jetbrains\annotations\13.0\919f0dfe192fb4e063e7dacadee7f8bb9a2672a9\annotations-13.0.jar
java_class_path (initial): C:\Users\sps\.gradle\caches\modules-2\files-2.1\org.jetbrains.kotlin\kotlin-compiler-embeddable\1.3.20\ee2efe0fdd12b607e3ac01dd79da99a168ac85c5\kotlin-compiler-embeddable-1.3.20.jar;C:\Users\sps\.gradle\caches\modules-2\files-2.1\org.jetbrains.kotlin\kotlin-reflect\1.3.20\cd49eec32cf964333faf59e04b4085eac7008477\kotlin-reflect-1.3.20.jar;C:\Users\sps\.gradle\caches\modules-2\files-2.1\org.jetbrains.kotlin\kotlin-stdlib\1.3.20\eb2a232734e09fcd1b958a5c7520a93c6de38b32\kotlin-stdlib-1.3.20.jar;C:\Users\sps\.gradle\caches\modules-2\files-2.1\org.jetbrains.kotlin\kotlin-script-runtime\1.3.20\312febd3c42137fcc5477e6666d6eec16631b176\kotlin-script-runtime-1.3.20.jar;C:\Users\sps\.gradle\caches\modules-2\files-2.1\org.jetbrains.intellij.deps\trove4j\1.0.20181211\216c2e14b070f334479d800987affe4054cd563f\trove4j-1.0.20181211.jar;C:\Users\sps\.gradle\caches\modules-2\files-2.1\org.jetbrains.kotlin\kotlin-stdlib-common\1.3.20\7d7934e26ce34da1a0a8d00e38038d7cf3375e89\kotlin-stdlib-common-1.3.20.jar;C:\Users\sps\.gradle\caches\modules-2\files-2.1\org.jetbrains\annotations\13.0\919f0dfe192fb4e063e7dacadee7f8bb9a2672a9\annotations-13.0.jar
Launcher Type: SUN_STANDARD

[Global flags]
     intx CICompilerCount                          = 3                                         {product} {ergonomic}
     uint ConcGCThreads                            = 1                                         {product} {ergonomic}
     uint G1ConcRefinementThreads                  = 4                                         {product} {ergonomic}
   size_t G1HeapRegionSize                         = 1048576                                   {product} {ergonomic}
    uintx GCDrainStackTargetSize                   = 64                                        {product} {ergonomic}
   size_t InitialHeapSize                          = 251658240                                 {product} {ergonomic}
   size_t MarkStackSize                            = 4194304                                   {product} {ergonomic}
   size_t MaxHeapSize                              = 1610612736                                {product} {command line}
   size_t MaxNewSize                               = 965738496                                 {product} {ergonomic}
   size_t MinHeapDeltaBytes                        = 1048576                                   {product} {ergonomic}
    uintx NonNMethodCodeHeapSize                   = 5830732                                {pd product} {ergonomic}
    uintx NonProfiledCodeHeapSize                  = 122913754                              {pd product} {ergonomic}
    uintx ProfiledCodeHeapSize                     = 122913754                              {pd product} {ergonomic}
    uintx ReservedCodeCacheSize                    = 251658240                              {pd product} {ergonomic}
     bool SegmentedCodeCache                       = true                                      {product} {ergonomic}
     bool UseCompressedClassPointers               = true                                 {lp64_product} {ergonomic}
     bool UseCompressedOops                        = true                                 {lp64_product} {ergonomic}
     bool UseG1GC                                  = true                                      {product} {ergonomic}
     bool UseLargePagesIndividualAllocation        = false                                  {pd product} {ergonomic}

Logging:
Log output configuration:
 #0: stdout all=warning uptime,level,tags
 #1: stderr all=off uptime,level,tags

Environment Variables:
PATH=C:\temp\ffmpeg\bin;C:\Program Files\Common Files\Oracle\Java\javapath;C:\Windows\system32;C:\Windows;C:\Windows\System32\Wbem;C:\Windows\System32\WindowsPowerShell\v1.0\;C:\Windows\System32\OpenSSH\;C:\Program Files (x86)\NVIDIA Corporation\PhysX\Common;C:\Program Files\dotnet\;C:\Users\sps\AppData\Local\Microsoft\WindowsApps;C:\Program Files\Git\cmd;C:\Program Files\NVIDIA Corporation\NVIDIA NvDLISR;C:\Users\sps\AppData\Local\Microsoft\WindowsApps%NVM_HOME%%NVM_SYMLINK%C:\temp\ffmpeg\bin
USERNAME=sps
OS=Windows_NT
PROCESSOR_IDENTIFIER=AMD64 Family 23 Model 8 Stepping 2, AuthenticAMD



---------------  S Y S T E M  ---------------

OS: Windows 10 , 64 bit Build 19041 (10.0.19041.3031)

CPU:total 4 (initial active 4) (4 cores per cpu, 1 threads per core) family 23 model 8 stepping 2 microcode 0x0, cmov, cx8, fxsr, mmx, sse, sse2, sse3, ssse3, sse4.1, sse4.2, popcnt, avx, avx2, aes, clmul, mmxext, 3dnowpref, lzcnt, sse4a, tsc, tscinvbit, tscinv, bmi1, bmi2, adx, sha, f

Memory: 4k page, system-wide physical 15299M (427M free)
TotalPageFile size 45809M (AvailPageFile size 5M)
current process WorkingSet (physical memory assigned to process): 489M, peak: 499M
current process commit charge ("private bytes"): 758M, peak: 758M

vm_info: Java HotSpot(TM) 64-Bit Server VM (11.0.16+11-LTS-199) for windows-amd64 JRE (11.0.16+11-LTS-199), built on Jun 28 2022 08:23:17 by "mach5one" with MS VC++ 15.9 (VS2017)

END.
